<?xml version="1.0" encoding="UTF-8"?>
<testng-results ignored="0" total="1" passed="1" failed="0" skipped="0">
  <reporter-output>
  </reporter-output>
  <suite started-at="2023-03-21T23:22:35 IST" name="Default suite" finished-at="2023-03-21T23:22:38 IST" duration-ms="3325">
    <groups>
    </groups>
    <test started-at="2023-03-21T23:22:35 IST" name="Default test" finished-at="2023-03-21T23:22:38 IST" duration-ms="3325">
      <class name="restassured.reqres.getAndPost">
        <test-method signature="restAssuredTest()[pri:0, instance:restassured.reqres.getAndPost@47faa49c]" started-at="2023-03-21T23:22:35 IST" name="restAssuredTest" finished-at="2023-03-21T23:22:38 IST" duration-ms="3267" status="PASS">
          <reporter-output>
          </reporter-output>
        </test-method> <!-- restAssuredTest -->
      </class> <!-- restassured.reqres.getAndPost -->
    </test> <!-- Default test -->
  </suite> <!-- Default suite -->
</testng-results>
