<?xml version="1.0" encoding="UTF-8"?>
<testng-results ignored="0" total="1" passed="1" failed="0" skipped="0">
  <reporter-output>
  </reporter-output>
  <suite started-at="2021-03-17T01:41:57 IST" name="Default suite" finished-at="2021-03-17T01:42:00 IST" duration-ms="3690">
    <groups>
    </groups>
    <test started-at="2021-03-17T01:41:57 IST" name="Default test" finished-at="2021-03-17T01:42:00 IST" duration-ms="3690">
      <class name="restassured.reqres.JSON_localPatch">
        <test-method signature="jsonPatchtest()[pri:0, instance:restassured.reqres.JSON_localPatch@550ee7e5]" started-at="2021-03-17T01:41:57 IST" name="jsonPatchtest" finished-at="2021-03-17T01:42:00 IST" duration-ms="3615" status="PASS">
          <reporter-output>
          </reporter-output>
        </test-method> <!-- jsonPatchtest -->
      </class> <!-- restassured.reqres.JSON_localPatch -->
    </test> <!-- Default test -->
  </suite> <!-- Default suite -->
</testng-results>
