<?xml version="1.0" encoding="UTF-8"?>
<testng-results ignored="0" total="1" passed="1" failed="0" skipped="0">
  <reporter-output>
  </reporter-output>
  <suite started-at="2023-12-28T11:27:22 IST" name="Default suite" finished-at="2023-12-28T11:27:25 IST" duration-ms="3728">
    <groups>
    </groups>
    <test started-at="2023-12-28T11:27:22 IST" name="Default test" finished-at="2023-12-28T11:27:25 IST" duration-ms="3728">
      <class name="restAssuredYT.restAssureBasics.deleteBookings">
        <test-method signature="deleteBookingTest()[pri:0, instance:restAssuredYT.restAssureBasics.deleteBookings@51e69659]" started-at="2023-12-28T11:27:22 IST" name="deleteBookingTest" finished-at="2023-12-28T11:27:25 IST" duration-ms="3664" status="PASS">
          <reporter-output>
          </reporter-output>
        </test-method> <!-- deleteBookingTest -->
      </class> <!-- restAssuredYT.restAssureBasics.deleteBookings -->
    </test> <!-- Default test -->
  </suite> <!-- Default suite -->
</testng-results>
